\BOOKMARK [1][-]{section.1}{1 数据结构}{}% 1
\BOOKMARK [2][-]{subsection.1.1}{二叉搜索树}{section.1}% 2
\BOOKMARK [3][-]{subsubsection.1.1.1}{1 二叉树}{subsection.1.1}% 3
\BOOKMARK [3][-]{subsubsection.1.1.2}{2\040treap}{subsection.1.1}% 4
\BOOKMARK [3][-]{subsubsection.1.1.3}{3 伸展树}{subsection.1.1}% 5
\BOOKMARK [2][-]{subsection.1.2}{堆}{section.1}% 6
\BOOKMARK [2][-]{subsection.1.3}{字符串}{section.1}% 7
\BOOKMARK [3][-]{subsubsection.1.3.1}{1 Trie\(前缀树\)}{subsection.1.3}% 8
\BOOKMARK [3][-]{subsubsection.1.3.2}{2\040KMP}{subsection.1.3}% 9
\BOOKMARK [3][-]{subsubsection.1.3.3}{3 AC自动机}{subsection.1.3}% 10
\BOOKMARK [3][-]{subsubsection.1.3.4}{4 KMP-KMP变形}{subsection.1.3}% 11
\BOOKMARK [3][-]{subsubsection.1.3.5}{5 字符串hash}{subsection.1.3}% 12
\BOOKMARK [3][-]{subsubsection.1.3.6}{6 后缀数组}{subsection.1.3}% 13
\BOOKMARK [1][-]{section.2}{2 动态规划}{}% 14
\BOOKMARK [2][-]{subsection.2.1}{1 最长上升子序列.cpp}{section.2}% 15
\BOOKMARK [2][-]{subsection.2.2}{1 树的重心}{section.2}% 16
\BOOKMARK [1][-]{section.3}{3 图论}{}% 17
\BOOKMARK [2][-]{subsection.3.1}{DFS}{section.3}% 18
\BOOKMARK [3][-]{subsubsection.3.1.1}{1.无向图的割点和桥}{subsection.3.1}% 19
\BOOKMARK [3][-]{subsubsection.3.1.2}{2.无向图的双连通分量}{subsection.3.1}% 20
\BOOKMARK [3][-]{subsubsection.3.1.3}{3有向图的强联通分量}{subsection.3.1}% 21
\BOOKMARK [3][-]{subsubsection.3.1.4}{4 2-sat 问题}{subsection.3.1}% 22
\BOOKMARK [2][-]{subsection.3.2}{LCA}{section.3}% 23
\BOOKMARK [3][-]{subsubsection.3.2.1}{1\040DFS+RMQ}{subsection.3.2}% 24
\BOOKMARK [3][-]{subsubsection.3.2.2}{2倍增算法}{subsection.3.2}% 25
\BOOKMARK [2][-]{subsection.3.3}{Maxflow}{section.3}% 26
\BOOKMARK [3][-]{subsubsection.3.3.1}{1\040Dinic}{subsection.3.3}% 27
\BOOKMARK [3][-]{subsubsection.3.3.2}{2\040ISAP}{subsection.3.3}% 28
\BOOKMARK [3][-]{subsubsection.3.3.3}{3\040MCMF}{subsection.3.3}% 29
\BOOKMARK [2][-]{subsection.3.4}{二分图}{section.3}% 30
\BOOKMARK [3][-]{subsubsection.3.4.1}{1 匈牙利算法}{subsection.3.4}% 31
\BOOKMARK [3][-]{subsubsection.3.4.2}{2\040KM}{subsection.3.4}% 32
\BOOKMARK [3][-]{subsubsection.3.4.3}{3 一般图最大匹配}{subsection.3.4}% 33
\BOOKMARK [2][-]{subsection.3.5}{最小生成树}{section.3}% 34
\BOOKMARK [3][-]{subsubsection.3.5.1}{1 Krustral 卡鲁斯卡尔算法}{subsection.3.5}% 35
\BOOKMARK [3][-]{subsubsection.3.5.2}{2 prim 算法}{subsection.3.5}% 36
\BOOKMARK [3][-]{subsubsection.3.5.3}{3 最小限制生成树}{subsection.3.5}% 37
\BOOKMARK [3][-]{subsubsection.3.5.4}{4 次小生成树}{subsection.3.5}% 38
\BOOKMARK [2][-]{subsection.3.6}{最短路}{section.3}% 39
\BOOKMARK [3][-]{subsubsection.3.6.1}{1\040Dijkstra}{subsection.3.6}% 40
\BOOKMARK [3][-]{subsubsection.3.6.2}{2\040Bellman-ford}{subsection.3.6}% 41
\BOOKMARK [3][-]{subsubsection.3.6.3}{3\040floyed}{subsection.3.6}% 42
\BOOKMARK [1][-]{section.4}{4 数学}{}% 43
\BOOKMARK [2][-]{subsection.4.1}{3 FWT模板.cpp}{section.4}% 44
\BOOKMARK [2][-]{subsection.4.2}{BM.cpp}{section.4}% 45
\BOOKMARK [2][-]{subsection.4.3}{FFT}{section.4}% 46
\BOOKMARK [3][-]{subsubsection.4.3.1}{FFT}{subsection.4.3}% 47
\BOOKMARK [3][-]{subsubsection.4.3.2}{kuangbin}{subsection.4.3}% 48
\BOOKMARK [3][-]{subsubsection.4.3.3}{lrj}{subsection.4.3}% 49
\BOOKMARK [2][-]{subsection.4.4}{template}{section.4}% 50
\BOOKMARK [2][-]{subsection.4.5}{博弈}{section.4}% 51
\BOOKMARK [3][-]{subsubsection.4.5.1}{2.威佐夫博弈}{subsection.4.5}% 52
\BOOKMARK [3][-]{subsubsection.4.5.2}{3 Nim 积}{subsection.4.5}% 53
\BOOKMARK [3][-]{subsubsection.4.5.3}{4 K倍动态减法}{subsection.4.5}% 54
\BOOKMARK [3][-]{subsubsection.4.5.4}{5 海盗分金问题}{subsection.4.5}% 55
\BOOKMARK [3][-]{subsubsection.4.5.5}{6\040Green\040Hackbush}{subsection.4.5}% 56
\BOOKMARK [3][-]{subsubsection.4.5.6}{7 反nim 博弈}{subsection.4.5}% 57
\BOOKMARK [3][-]{subsubsection.4.5.7}{8 超自然数}{subsection.4.5}% 58
\BOOKMARK [2][-]{subsection.4.6}{数论}{section.4}% 59
\BOOKMARK [3][-]{subsubsection.4.6.1}{1 加法}{subsection.4.6}% 60
\BOOKMARK [3][-]{subsubsection.4.6.2}{1 逆元}{subsection.4.6}% 61
\BOOKMARK [3][-]{subsubsection.4.6.3}{2 减法}{subsection.4.6}% 62
\BOOKMARK [3][-]{subsubsection.4.6.4}{3 乘法}{subsection.4.6}% 63
\BOOKMARK [3][-]{subsubsection.4.6.5}{4 除法}{subsection.4.6}% 64
\BOOKMARK [3][-]{subsubsection.4.6.6}{5.蒙哥马利快速模}{subsection.4.6}% 65
\BOOKMARK [3][-]{subsubsection.4.6.7}{Euler}{subsection.4.6}% 66
\BOOKMARK [3][-]{subsubsection.4.6.8}{lucas ，组合数}{subsection.4.6}% 67
\BOOKMARK [3][-]{subsubsection.4.6.9}{miller-rabin-Pollard-rho}{subsection.4.6}% 68
\BOOKMARK [3][-]{subsubsection.4.6.10}{快速数论变换}{subsection.4.6}% 69
\BOOKMARK [3][-]{subsubsection.4.6.11}{欧拉筛和埃氏筛}{subsection.4.6}% 70
\BOOKMARK [3][-]{subsubsection.4.6.12}{素性检测}{subsection.4.6}% 71
\BOOKMARK [3][-]{subsubsection.4.6.13}{素数筛}{subsection.4.6}% 72
\BOOKMARK [3][-]{subsubsection.4.6.14}{逆元打表}{subsection.4.6}% 73
\BOOKMARK [2][-]{subsection.4.7}{矩阵快速幂.cpp}{section.4}% 74
\BOOKMARK [2][-]{subsection.4.8}{自适应辛普森积分.cpp}{section.4}% 75
\BOOKMARK [1][-]{section.5}{5 几何}{}% 76
\BOOKMARK [2][-]{subsection.5.1}{2D}{section.5}% 77
\BOOKMARK [3][-]{subsubsection.5.1.1}{PSLG}{subsection.5.1}% 78
\BOOKMARK [3][-]{subsubsection.5.1.2}{二维几何模板}{subsection.5.1}% 79
\BOOKMARK [3][-]{subsubsection.5.1.3}{二维凸包}{subsection.5.1}% 80
\BOOKMARK [3][-]{subsubsection.5.1.4}{判断点是否在多边形内}{subsection.5.1}% 81
\BOOKMARK [3][-]{subsubsection.5.1.5}{圆与多边形相交的面积}{subsection.5.1}% 82
\BOOKMARK [3][-]{subsubsection.5.1.6}{求圆与直线的交点}{subsection.5.1}% 83
\BOOKMARK [2][-]{subsection.5.2}{3D}{section.5}% 84
\BOOKMARK [3][-]{subsubsection.5.2.1}{三维几何的基本操作}{subsection.5.2}% 85
\BOOKMARK [3][-]{subsubsection.5.2.2}{三维几何的模版}{subsection.5.2}% 86
\BOOKMARK [3][-]{subsubsection.5.2.3}{三维凸包}{subsection.5.2}% 87
\BOOKMARK [3][-]{subsubsection.5.2.4}{维度转换为三维坐标}{subsection.5.2}% 88
\BOOKMARK [1][-]{section.6}{6 其它}{}% 89
\BOOKMARK [2][-]{subsection.6.1}{IO}{section.6}% 90
\BOOKMARK [3][-]{subsubsection.6.1.1}{fread}{subsection.6.1}% 91
\BOOKMARK [3][-]{subsubsection.6.1.2}{fread2}{subsection.6.1}% 92
\BOOKMARK [3][-]{subsubsection.6.1.3}{保留小数}{subsection.6.1}% 93
\BOOKMARK [3][-]{subsubsection.6.1.4}{读取整数}{subsection.6.1}% 94
\BOOKMARK [2][-]{subsection.6.2}{c++中处理2进制的一些函数.cpp}{section.6}% 95
\BOOKMARK [2][-]{subsection.6.3}{测量程序的运行时间.cpp}{section.6}% 96
